20240524	16:18:35	2205ba2d-951d-4b99-baf1-33a052f3ada1	GET	/	undefined
20240524	16:18:35	2d2a551d-9d91-42b1-9bde-4e6b477aa18a	GET	/css/style.css	undefined
20240524	20:05:06	67c46be6-7492-4c95-b2c9-b1f0c3f387aa	GET	/	undefined
20240524	20:05:06	84ad50d2-167e-4207-8e0f-d27cf12c5b17	GET	/css/style.css	undefined
20240524	20:08:41	2e1dbfbc-d1cb-4a5f-8069-b01a2cd8a5ed	GET	/users	undefined
20240524	20:08:43	cca566a8-b588-4229-bd6b-5004b847dd0b	GET	/users	undefined
20240524	20:08:55	12ed3de0-67b9-4866-a12d-f0a278322d7b	GET	/users	undefined
20240524	20:09:21	655a29fb-aff7-4c80-8462-4fd65ba0b25e	GET	/users	undefined
20240524	20:09:50	9ec4a51c-ba5c-474f-a305-bd65a4b5ea5b	GET	/users	undefined
20240524	20:10:04	85c3abd5-c82c-4eca-a845-f29930106b62	GET	/users	undefined
20240524	20:11:18	c9e7d46e-dc67-4199-9721-188d57f0bea5	GET	/users	undefined
20240524	20:14:07	ddc6f84a-7cfc-46b1-bb03-6a5c5c9d36cc	POST	/users	undefined
20240524	20:15:45	f170712b-54d9-4ce1-92fb-15b85c1ed9d4	POST	/users	undefined
20240524	20:15:57	5f9abb41-d360-414a-a8f8-5fb3dc74d4ee	GET	/users	undefined
20240524	20:19:00	f2358990-1b6c-428a-8432-54c2824286bc	GET	/users	undefined
20240524	20:19:24	8fcb05fc-2fdc-4235-adae-6a6f14586b4d	POST	/users	undefined
20240524	20:19:51	9c0b60f2-fa80-44ac-a2b5-de89c9005c68	GET	/users	undefined
20240524	20:20:54	c82faf72-b3c3-49d3-b08f-2d85d94d3e59	GET	/users	undefined
20240524	20:21:00	be98f635-e759-491a-8a53-0257489cbb61	POST	/users	undefined
20240524	20:21:35	9d214fbe-a78f-4861-b493-b41841d1a373	POST	/users	undefined
20240524	20:21:43	a62e1815-9380-49bc-a345-9d8341dec678	POST	/users	undefined
20240524	20:22:52	5cab1573-66af-4b62-ac22-18cb24fc54eb	GET	/users	undefined
20240524	20:23:38	5d1c94a9-dae0-43d6-8a13-f134e9aeee3a	PATCH	/users	undefined
20240524	20:23:54	0e05853c-3a32-4c12-aca0-34e25f17c56c	GET	/users	undefined
20240524	20:24:04	994f08ed-bb77-445f-9f73-c4f7b8a3c8e3	PATCH	/users	undefined
20240524	20:24:26	fe9d062b-b76d-4f71-a848-dbbf6c9aa679	PATCH	/users	undefined
20240524	20:24:27	d474fbcd-52c9-4735-b762-7f65abe595bd	PATCH	/users	undefined
20240524	20:24:31	f4808d44-dad6-4ce1-abc2-d66d4ea1262c	PATCH	/users	undefined
20240524	20:24:54	e07cd640-4f3d-4c64-bc16-de35756d3001	GET	/users	undefined
